appUser/@capacitor/android/capacitor/build/intermediates/manifest_merge_blame_file/debug/manifest-merger-blame-debug-report.txt
1<?xml version="1.0" encoding="utf-8"?>
2<manifest xmlns:android="http://schemas.android.com/apk/res/android"
3    package="com.getcapacitor.android"
4    android:versionCode="1"
5    android:versionName="1.0" >
6
7    <uses-sdk
8        android:minSdkVersion="21"
8-->src\main\AndroidManifest.xml
9        android:targetSdkVersion="29" />
9-->src\main\AndroidManifest.xml
10
11    <uses-feature
11-->src\main\AndroidManifest.xml:4:5-5:36
12        android:name="android.hardware.camera"
12-->src\main\AndroidManifest.xml:4:19-57
13        android:required="false" />
13-->src\main\AndroidManifest.xml:5:9-33
14
15    <uses-permission android:name="android.permission.RECEIVE_BOOT_COMPLETED" />
15-->src\main\AndroidManifest.xml:26:5-80
15-->src\main\AndroidManifest.xml:26:22-78
16    <uses-permission android:name="android.permission.WAKE_LOCK" />
16-->src\main\AndroidManifest.xml:27:5-67
16-->src\main\AndroidManifest.xml:27:22-65
17
18    <application>
18-->src\main\AndroidManifest.xml:7:5-24:19
19        <service
19-->src\main\AndroidManifest.xml:8:9-117
20            android:name="com.getcapacitor.plugin.background.BackgroundTaskService"
20-->src\main\AndroidManifest.xml:8:18-89
21            android:exported="false" />
21-->src\main\AndroidManifest.xml:8:90-114
22
23        <receiver android:name="com.getcapacitor.plugin.notification.TimedNotificationPublisher" />
23-->src\main\AndroidManifest.xml:9:9-100
23-->src\main\AndroidManifest.xml:9:19-97
24        <receiver android:name="com.getcapacitor.plugin.notification.NotificationDismissReceiver" />
24-->src\main\AndroidManifest.xml:10:9-101
24-->src\main\AndroidManifest.xml:10:19-98
25
26        <meta-data
26-->src\main\AndroidManifest.xml:11:9-96
27            android:name="firebase_messaging_auto_init_enabled"
27-->src\main\AndroidManifest.xml:11:20-71
28            android:value="false" />
28-->src\main\AndroidManifest.xml:11:72-93
29
30        <service
30-->src\main\AndroidManifest.xml:12:9-16:19
31            android:name="com.getcapacitor.CapacitorFirebaseMessagingService"
31-->src\main\AndroidManifest.xml:12:18-83
32            android:stopWithTask="false" >
32-->src\main\AndroidManifest.xml:12:84-112
33            <intent-filter>
33-->src\main\AndroidManifest.xml:13:13-15:29
34                <action android:name="com.google.firebase.MESSAGING_EVENT" />
34-->src\main\AndroidManifest.xml:14:17-78
34-->src\main\AndroidManifest.xml:14:25-75
35            </intent-filter>
36        </service>
37
38        <receiver
38-->src\main\AndroidManifest.xml:17:9-23:20
39            android:name="com.getcapacitor.plugin.notification.LocalNotificationRestoreReceiver"
39-->src\main\AndroidManifest.xml:17:19-103
40            android:directBootAware="true"
40-->src\main\AndroidManifest.xml:17:104-134
41            android:exported="false" >
41-->src\main\AndroidManifest.xml:17:135-159
42            <intent-filter>
42-->src\main\AndroidManifest.xml:18:13-22:29
43                <action android:name="android.intent.action.LOCKED_BOOT_COMPLETED" />
43-->src\main\AndroidManifest.xml:19:17-85
43-->src\main\AndroidManifest.xml:19:25-83
44                <action android:name="android.intent.action.BOOT_COMPLETED" />
44-->src\main\AndroidManifest.xml:20:17-78
44-->src\main\AndroidManifest.xml:20:25-76
45                <action android:name="android.intent.action.QUICKBOOT_POWERON" />
45-->src\main\AndroidManifest.xml:21:17-82
45-->src\main\AndroidManifest.xml:21:25-79
46            </intent-filter>
47        </receiver>
48    </application>
49
50</manifest>